[00:05:00] [Server thread/INFO]: alpha1510 has made the advancement [Voluntary Exile]
[00:09:32] [Server thread/INFO]: alpha1510 lost connection: Disconnected
[00:09:32] [Server thread/INFO]: alpha1510 left the game
[00:09:40] [Server thread/INFO]: alpha1510[/200.206.200.26:17520] logged in with entity id 18917 at (-4.791909416009113, 63.5, -2.6999999880790693)
[00:09:40] [Server thread/INFO]: alpha1510 joined the game
[00:13:06] [Server thread/INFO]: alpha1510 lost connection: Disconnected
[00:13:06] [Server thread/INFO]: alpha1510 left the game
[00:14:24] [Server thread/INFO]: alpha1510[/200.206.200.26:17619] logged in with entity id 19690 at (-17.99260661959609, 68.0, -2.8639309989095683)
[00:14:24] [Server thread/INFO]: alpha1510 joined the game
[00:21:18] [Server thread/INFO]: alpha1510 lost connection: Disconnected
[00:21:18] [Server thread/INFO]: alpha1510 left the game
[00:21:43] [Server thread/INFO]: alpha1510[/200.206.200.26:17771] logged in with entity id 20802 at (-11.727346566744249, 68.0, -4.437636687622971)
[00:21:43] [Server thread/INFO]: alpha1510 joined the game
[00:41:02] [Server thread/INFO]: alpha1510 lost connection: Disconnected
[00:41:02] [Server thread/INFO]: alpha1510 left the game
[00:41:18] [Server thread/INFO]: alpha1510[/200.206.200.26:18191] logged in with entity id 23835 at (-16.05511744010351, 68.0, -2.1261380277143367)
[00:41:18] [Server thread/INFO]: alpha1510 joined the game
[01:09:42] [Server thread/INFO]: xxlad44xx has made the advancement [Voluntary Exile]
[01:12:21] [Server thread/INFO]: xxlad44xx has completed the challenge [Hero of the Village]
[01:12:21] [Server thread/INFO]: alpha1510 has completed the challenge [Hero of the Village]
[01:13:28] [Server thread/INFO]: alpha1510 lost connection: Disconnected
[01:13:28] [Server thread/INFO]: alpha1510 left the game
[01:14:19] [Server thread/INFO]: alpha1510[/200.206.200.26:18799] logged in with entity id 30043 at (-249.83887116888235, 63.5625, -184.69999998807907)
[01:14:19] [Server thread/INFO]: alpha1510 joined the game
[01:14:39] [Server thread/INFO]: <xxlad44xx> s
[01:20:22] [Server thread/INFO]: Hidekao lost connection: Disconnected
[01:20:22] [Server thread/INFO]: Hidekao left the game
[01:21:01] [Server thread/WARN]: Can't keep up! Is the server overloaded? Running 2020ms or 40 ticks behind
[01:21:19] [Server thread/WARN]: Can't keep up! Is the server overloaded? Running 2001ms or 40 ticks behind
[01:22:38] [Server thread/WARN]: Can't keep up! Is the server overloaded? Running 2786ms or 55 ticks behind
[01:27:41] [Server thread/WARN]: xxlad44xx moved too quickly! 9.177518416898351,-0.2468000194787976,4.096060245721674
[01:27:41] [Server thread/WARN]: Can't keep up! Is the server overloaded? Running 2517ms or 50 ticks behind
[01:32:42] [Server thread/WARN]: xxlad44xx moved too quickly! 1.7424229141229262,-9.398466169222843,3.5012345030273426
[01:32:55] [Server thread/INFO]: alpha1510 has made the advancement [The Parrots and the Bats]
[01:47:14] [Server thread/INFO]: meucpf[/189.120.75.58:23679] logged in with entity id 40107 at (-6.699999988079071, 60.0, 0.37970453836041784)
[01:47:14] [Server thread/INFO]: meucpf joined the game
[02:00:52] [Server thread/WARN]: Can't keep up! Is the server overloaded? Running 2046ms or 40 ticks behind
[02:01:05] [Server thread/INFO]: alpha1510 lost connection: Disconnected
[02:01:05] [Server thread/INFO]: alpha1510 left the game
[02:01:13] [Server thread/WARN]: Can't keep up! Is the server overloaded? Running 6793ms or 135 ticks behind
[02:01:21] [Server thread/INFO]: alpha1510[/200.206.200.26:19010] logged in with entity id 41936 at (-19.699999988079064, 68.5625, -5.699999988079066)
[02:01:21] [Server thread/INFO]: alpha1510 joined the game
[02:01:34] [Server thread/WARN]: Can't keep up! Is the server overloaded? Running 5830ms or 116 ticks behind
[02:01:53] [Server thread/WARN]: Can't keep up! Is the server overloaded? Running 4004ms or 80 ticks behind
[02:02:07] [Server thread/INFO]: alpha1510 lost connection: Disconnected
[02:02:07] [Server thread/INFO]: alpha1510 left the game
[02:02:12] [Server thread/WARN]: Can't keep up! Is the server overloaded? Running 3560ms or 71 ticks behind
[02:02:32] [Server thread/INFO]: xxlad44xx has made the advancement [We Need to Go Deeper]
[02:02:42] [Server thread/INFO]: meucpf has made the advancement [We Need to Go Deeper]
[02:02:48] [Server thread/WARN]: Can't keep up! Is the server overloaded? Running 21488ms or 429 ticks behind
[02:04:04] [Server thread/WARN]: Can't keep up! Is the server overloaded? Running 2028ms or 40 ticks behind
[02:04:59] [Server thread/WARN]: Can't keep up! Is the server overloaded? Running 2015ms or 40 ticks behind
[02:05:23] [Server thread/WARN]: Can't keep up! Is the server overloaded? Running 9941ms or 198 ticks behind
[02:06:34] [Server thread/WARN]: Can't keep up! Is the server overloaded? Running 2003ms or 40 ticks behind
[02:07:17] [Server thread/WARN]: Can't keep up! Is the server overloaded? Running 2012ms or 40 ticks behind
[02:07:41] [Server thread/WARN]: Can't keep up! Is the server overloaded? Running 8454ms or 169 ticks behind
[02:08:56] [Server thread/WARN]: Can't keep up! Is the server overloaded? Running 5959ms or 119 ticks behind
[02:09:32] [Server thread/WARN]: Can't keep up! Is the server overloaded? Running 20112ms or 402 ticks behind
[02:09:49] [Server thread/WARN]: Can't keep up! Is the server overloaded? Running 2350ms or 47 ticks behind
[02:10:07] [Server thread/WARN]: Can't keep up! Is the server overloaded? Running 3367ms or 67 ticks behind
[02:10:34] [Server thread/WARN]: Can't keep up! Is the server overloaded? Running 2038ms or 40 ticks behind
[02:11:05] [Server thread/WARN]: Can't keep up! Is the server overloaded? Running 2037ms or 40 ticks behind
[02:11:39] [Server thread/WARN]: Can't keep up! Is the server overloaded? Running 2018ms or 40 ticks behind
[02:12:50] [Server thread/WARN]: Can't keep up! Is the server overloaded? Running 2051ms or 41 ticks behind
[02:13:08] [Server thread/WARN]: Can't keep up! Is the server overloaded? Running 3303ms or 66 ticks behind
[02:13:52] [Server thread/WARN]: Can't keep up! Is the server overloaded? Running 2098ms or 41 ticks behind
[02:14:14] [Server thread/WARN]: Can't keep up! Is the server overloaded? Running 6736ms or 134 ticks behind
[02:14:49] [Server thread/WARN]: Can't keep up! Is the server overloaded? Running 6376ms or 127 ticks behind
[02:15:07] [Server thread/WARN]: Can't keep up! Is the server overloaded? Running 3382ms or 67 ticks behind
[02:16:04] [Server thread/WARN]: Can't keep up! Is the server overloaded? Running 2179ms or 43 ticks behind
[02:16:28] [Server thread/WARN]: Can't keep up! Is the server overloaded? Running 8609ms or 172 ticks behind
[02:17:09] [Server thread/WARN]: Can't keep up! Is the server overloaded? Running 2026ms or 40 ticks behind
[02:17:33] [Server thread/WARN]: Can't keep up! Is the server overloaded? Running 8750ms or 175 ticks behind
[02:17:58] [Server thread/WARN]: Can't keep up! Is the server overloaded? Running 2057ms or 41 ticks behind
[02:18:21] [Server thread/WARN]: Can't keep up! Is the server overloaded? Running 7973ms or 159 ticks behind
[02:18:46] [Server thread/WARN]: Can't keep up! Is the server overloaded? Running 9519ms or 190 ticks behind
[02:19:06] [Server thread/WARN]: Can't keep up! Is the server overloaded? Running 5268ms or 105 ticks behind
[02:19:27] [Server thread/WARN]: Can't keep up! Is the server overloaded? Running 6629ms or 132 ticks behind
[02:19:49] [Server thread/WARN]: Can't keep up! Is the server overloaded? Running 6234ms or 124 ticks behind
[02:20:09] [Server thread/WARN]: Can't keep up! Is the server overloaded? Running 5368ms or 107 ticks behind
[02:20:30] [Server thread/WARN]: Can't keep up! Is the server overloaded? Running 5845ms or 116 ticks behind
[02:20:51] [Server thread/WARN]: Can't keep up! Is the server overloaded? Running 5897ms or 117 ticks behind
[02:21:09] [Server thread/WARN]: Can't keep up! Is the server overloaded? Running 3211ms or 64 ticks behind
[02:21:35] [Server thread/WARN]: Can't keep up! Is the server overloaded? Running 10861ms or 217 ticks behind
[02:21:55] [Server thread/WARN]: Can't keep up! Is the server overloaded? Running 5171ms or 103 ticks behind
[02:22:14] [Server thread/WARN]: Can't keep up! Is the server overloaded? Running 4331ms or 86 ticks behind
[02:22:38] [Server thread/WARN]: Can't keep up! Is the server overloaded? Running 9104ms or 182 ticks behind
[02:23:00] [Server thread/WARN]: Can't keep up! Is the server overloaded? Running 6280ms or 125 ticks behind
[02:23:20] [Server thread/WARN]: Can't keep up! Is the server overloaded? Running 5782ms or 115 ticks behind
[02:23:37] [Server thread/WARN]: Can't keep up! Is the server overloaded? Running 2255ms or 45 ticks behind
[02:23:55] [Server thread/WARN]: Can't keep up! Is the server overloaded? Running 2264ms or 45 ticks behind
[02:24:14] [Server thread/WARN]: Can't keep up! Is the server overloaded? Running 3821ms or 76 ticks behind
[02:24:33] [Server thread/WARN]: Can't keep up! Is the server overloaded? Running 4565ms or 91 ticks behind
[02:24:52] [Server thread/WARN]: Can't keep up! Is the server overloaded? Running 4405ms or 88 ticks behind
[02:25:18] [Server thread/WARN]: Can't keep up! Is the server overloaded? Running 10585ms or 211 ticks behind
[02:25:41] [Server thread/WARN]: Can't keep up! Is the server overloaded? Running 7897ms or 157 ticks behind
[02:26:01] [Server thread/WARN]: Can't keep up! Is the server overloaded? Running 5582ms or 111 ticks behind
[02:26:25] [Server thread/WARN]: Can't keep up! Is the server overloaded? Running 8390ms or 167 ticks behind
[02:26:55] [Server thread/WARN]: Can't keep up! Is the server overloaded? Running 14889ms or 297 ticks behind
[02:27:15] [Server thread/WARN]: Can't keep up! Is the server overloaded? Running 5572ms or 111 ticks behind
[02:27:40] [Server thread/WARN]: Can't keep up! Is the server overloaded? Running 9973ms or 199 ticks behind
[02:28:00] [Server thread/WARN]: Can't keep up! Is the server overloaded? Running 4386ms or 87 ticks behind
[02:28:27] [Server thread/WARN]: Can't keep up! Is the server overloaded? Running 12848ms or 256 ticks behind
[02:28:37] [Server thread/WARN]: xxlad44xx moved too quickly! 0.21632938211299135,0.0,10.19871680100988
[02:28:37] [Server thread/WARN]: meucpf moved too quickly! -0.024722838445412565,0.0,10.138820231132328
[02:28:57] [Server thread/WARN]: Can't keep up! Is the server overloaded? Running 14695ms or 293 ticks behind
[02:29:14] [Server thread/WARN]: Can't keep up! Is the server overloaded? Running 2376ms or 47 ticks behind
[02:30:01] [Server thread/WARN]: Can't keep up! Is the server overloaded? Running 2146ms or 42 ticks behind
[02:30:35] [Server thread/WARN]: Can't keep up! Is the server overloaded? Running 19222ms or 384 ticks behind
[02:31:06] [Server thread/WARN]: Can't keep up! Is the server overloaded? Running 16242ms or 324 ticks behind
[02:31:11] [Server thread/INFO]: xxlad44xx has made the advancement [Cover Me With Diamonds]
[02:31:25] [Server thread/WARN]: Can't keep up! Is the server overloaded? Running 3908ms or 78 ticks behind
[02:31:43] [Server thread/WARN]: Can't keep up! Is the server overloaded? Running 2002ms or 40 ticks behind
[02:32:26] [Server thread/WARN]: Can't keep up! Is the server overloaded? Running 2003ms or 40 ticks behind
[02:33:13] [Server thread/WARN]: Can't keep up! Is the server overloaded? Running 2006ms or 40 ticks behind
[02:33:32] [Server thread/WARN]: Can't keep up! Is the server overloaded? Running 2006ms or 40 ticks behind
[02:34:07] [Server thread/WARN]: Can't keep up! Is the server overloaded? Running 19668ms or 393 ticks behind
[02:34:30] [Server thread/WARN]: Can't keep up! Is the server overloaded? Running 8139ms or 162 ticks behind
[02:34:56] [Server thread/WARN]: Can't keep up! Is the server overloaded? Running 11135ms or 222 ticks behind
[02:35:15] [Server thread/WARN]: Can't keep up! Is the server overloaded? Running 3663ms or 73 ticks behind
[02:36:06] [Server thread/WARN]: Can't keep up! Is the server overloaded? Running 35795ms or 715 ticks behind
[02:36:24] [Server thread/WARN]: Can't keep up! Is the server overloaded? Running 3137ms or 62 ticks behind
[02:36:46] [Server thread/WARN]: Can't keep up! Is the server overloaded? Running 6886ms or 137 ticks behind
[02:37:06] [Server thread/WARN]: Can't keep up! Is the server overloaded? Running 5486ms or 109 ticks behind
[02:37:41] [Server thread/WARN]: Can't keep up! Is the server overloaded? Running 19900ms or 398 ticks behind
[02:38:11] [Server thread/WARN]: Can't keep up! Is the server overloaded? Running 14679ms or 293 ticks behind
[02:38:33] [Server thread/WARN]: Can't keep up! Is the server overloaded? Running 6978ms or 139 ticks behind
[02:38:52] [Server thread/WARN]: Can't keep up! Is the server overloaded? Running 4330ms or 86 ticks behind
[02:39:12] [Server thread/WARN]: Can't keep up! Is the server overloaded? Running 5297ms or 105 ticks behind
[02:40:07] [Server thread/WARN]: Can't keep up! Is the server overloaded? Running 2025ms or 40 ticks behind
[02:40:31] [Server thread/WARN]: Can't keep up! Is the server overloaded? Running 8498ms or 169 ticks behind
[02:40:50] [Server thread/WARN]: Can't keep up! Is the server overloaded? Running 4295ms or 85 ticks behind
[02:41:11] [Server thread/WARN]: Can't keep up! Is the server overloaded? Running 5812ms or 116 ticks behind
[02:41:41] [Server thread/WARN]: Can't keep up! Is the server overloaded? Running 15635ms or 312 ticks behind
[02:42:07] [Server thread/WARN]: Can't keep up! Is the server overloaded? Running 10700ms or 214 ticks behind
[02:42:29] [Server thread/WARN]: Can't keep up! Is the server overloaded? Running 7195ms or 143 ticks behind
[02:42:58] [Server thread/WARN]: Can't keep up! Is the server overloaded? Running 13871ms or 277 ticks behind
[02:43:26] [Server thread/WARN]: xxlad44xx moved too quickly! 9.908128226009126,1.0,2.2215308348828557
[02:43:37] [Server thread/WARN]: Can't keep up! Is the server overloaded? Running 23755ms or 475 ticks behind
[02:44:11] [Server thread/INFO]: xxlad44xx has made the advancement [A Terrible Fortress]
[02:44:17] [Server thread/INFO]: meucpf has made the advancement [A Terrible Fortress]
[02:44:19] [Server thread/WARN]: Can't keep up! Is the server overloaded? Running 27173ms or 543 ticks behind
[02:44:47] [Server thread/WARN]: Can't keep up! Is the server overloaded? Running 13062ms or 261 ticks behind
[02:45:19] [Server thread/WARN]: Can't keep up! Is the server overloaded? Running 16812ms or 336 ticks behind
[02:45:37] [Server thread/WARN]: Can't keep up! Is the server overloaded? Running 3355ms or 67 ticks behind
[02:45:56] [Server thread/WARN]: Can't keep up! Is the server overloaded? Running 3908ms or 78 ticks behind
[02:45:59] [Server thread/INFO]: meucpf has made the advancement [Into Fire]
[02:46:15] [Server thread/WARN]: Can't keep up! Is the server overloaded? Running 4196ms or 83 ticks behind
[02:46:34] [Server thread/WARN]: Can't keep up! Is the server overloaded? Running 3869ms or 77 ticks behind
[02:46:52] [Server thread/WARN]: Can't keep up! Is the server overloaded? Running 2860ms or 57 ticks behind
[02:47:10] [Server thread/WARN]: Can't keep up! Is the server overloaded? Running 3091ms or 61 ticks behind
[02:47:29] [Server thread/WARN]: Can't keep up! Is the server overloaded? Running 3972ms or 79 ticks behind
[02:47:46] [Server thread/WARN]: Can't keep up! Is the server overloaded? Running 2385ms or 47 ticks behind
[02:48:04] [Server thread/WARN]: Can't keep up! Is the server overloaded? Running 2485ms or 49 ticks behind
[02:48:21] [Server thread/WARN]: Can't keep up! Is the server overloaded? Running 2032ms or 40 ticks behind
[02:48:44] [Server thread/WARN]: Can't keep up! Is the server overloaded? Running 7923ms or 158 ticks behind
[02:49:03] [Server thread/WARN]: Can't keep up! Is the server overloaded? Running 4230ms or 84 ticks behind
[02:49:21] [Server thread/WARN]: Can't keep up! Is the server overloaded? Running 3428ms or 68 ticks behind
[02:49:40] [Server thread/WARN]: Can't keep up! Is the server overloaded? Running 3811ms or 76 ticks behind
[02:49:58] [Server thread/WARN]: Can't keep up! Is the server overloaded? Running 2003ms or 40 ticks behind
[02:50:17] [Server thread/WARN]: Can't keep up! Is the server overloaded? Running 3876ms or 77 ticks behind
[02:50:44] [Server thread/WARN]: Can't keep up! Is the server overloaded? Running 11549ms or 230 ticks behind
[02:51:02] [Server thread/WARN]: Can't keep up! Is the server overloaded? Running 3557ms or 71 ticks behind
[02:51:42] [Server thread/WARN]: Can't keep up! Is the server overloaded? Running 24372ms or 487 ticks behind
[02:52:14] [Server thread/WARN]: Can't keep up! Is the server overloaded? Running 16998ms or 339 ticks behind
[02:52:45] [Server thread/WARN]: Can't keep up! Is the server overloaded? Running 15986ms or 319 ticks behind
[02:53:12] [Server thread/WARN]: Can't keep up! Is the server overloaded? Running 12861ms or 257 ticks behind
[02:53:34] [Server thread/WARN]: Can't keep up! Is the server overloaded? Running 6551ms or 131 ticks behind
[02:54:00] [Server thread/WARN]: Can't keep up! Is the server overloaded? Running 10827ms or 216 ticks behind
[02:54:21] [Server thread/WARN]: Can't keep up! Is the server overloaded? Running 6325ms or 126 ticks behind
[02:54:39] [Server thread/WARN]: Can't keep up! Is the server overloaded? Running 3163ms or 63 ticks behind
[02:54:57] [Server thread/WARN]: Can't keep up! Is the server overloaded? Running 2679ms or 53 ticks behind
[02:55:25] [Server thread/WARN]: Can't keep up! Is the server overloaded? Running 13243ms or 264 ticks behind
[02:55:48] [Server thread/WARN]: Can't keep up! Is the server overloaded? Running 7528ms or 150 ticks behind
[02:56:09] [Server thread/WARN]: Can't keep up! Is the server overloaded? Running 6616ms or 132 ticks behind
[02:56:29] [Server thread/WARN]: Can't keep up! Is the server overloaded? Running 4647ms or 92 ticks behind
[02:56:47] [Server thread/WARN]: Can't keep up! Is the server overloaded? Running 2892ms or 57 ticks behind
[02:58:05] [Server thread/WARN]: xxlad44xx moved too quickly! -9.370945625694546,-0.5764407054569602,-4.14116152899004
[02:58:05] [Server thread/WARN]: Can't keep up! Is the server overloaded? Running 9488ms or 189 ticks behind
[02:58:31] [Server thread/WARN]: Can't keep up! Is the server overloaded? Running 10860ms or 217 ticks behind
[02:58:49] [Server thread/WARN]: Can't keep up! Is the server overloaded? Running 3417ms or 68 ticks behind
[02:59:09] [Server thread/WARN]: Can't keep up! Is the server overloaded? Running 4507ms or 90 ticks behind
[02:59:26] [Server thread/WARN]: Can't keep up! Is the server overloaded? Running 2021ms or 40 ticks behind
[02:59:53] [Server thread/WARN]: Can't keep up! Is the server overloaded? Running 2013ms or 40 ticks behind
[03:00:14] [Server thread/WARN]: Can't keep up! Is the server overloaded? Running 5529ms or 110 ticks behind
[03:00:34] [Server thread/WARN]: Can't keep up! Is the server overloaded? Running 5089ms or 101 ticks behind
[03:00:51] [Server thread/WARN]: Can't keep up! Is the server overloaded? Running 2509ms or 50 ticks behind
[03:01:11] [Server thread/WARN]: Can't keep up! Is the server overloaded? Running 4361ms or 87 ticks behind
[03:01:40] [Server thread/WARN]: Can't keep up! Is the server overloaded? Running 14582ms or 291 ticks behind
[03:02:07] [Server thread/WARN]: Can't keep up! Is the server overloaded? Running 11996ms or 239 ticks behind
[03:02:17] [Server thread/INFO]: meucpf has made the advancement [Who is Cutting Onions?]
[03:02:33] [Server thread/WARN]: Can't keep up! Is the server overloaded? Running 11000ms or 220 ticks behind
[03:02:55] [Server thread/WARN]: Can't keep up! Is the server overloaded? Running 6945ms or 138 ticks behind
[03:03:20] [Server thread/WARN]: Can't keep up! Is the server overloaded? Running 9322ms or 186 ticks behind
[03:03:39] [Server thread/WARN]: Can't keep up! Is the server overloaded? Running 4173ms or 83 ticks behind
[03:03:58] [Server thread/WARN]: Can't keep up! Is the server overloaded? Running 4044ms or 80 ticks behind
[03:04:20] [Server thread/WARN]: Can't keep up! Is the server overloaded? Running 7714ms or 154 ticks behind
[03:04:51] [Server thread/WARN]: Can't keep up! Is the server overloaded? Running 2016ms or 40 ticks behind
[03:05:21] [Server thread/WARN]: xxlad44xx moved too quickly! 0.3330077004955996,-0.757002463247801,-10.050974987099949
[03:05:31] [Server thread/WARN]: Can't keep up! Is the server overloaded? Running 25046ms or 500 ticks behind
[03:06:08] [Server thread/WARN]: Can't keep up! Is the server overloaded? Running 21931ms or 438 ticks behind
[03:06:33] [Server thread/WARN]: Can't keep up! Is the server overloaded? Running 10345ms or 206 ticks behind
[03:08:16] [Server thread/WARN]: Can't keep up! Is the server overloaded? Running 2047ms or 40 ticks behind
[03:09:13] [Server thread/WARN]: Can't keep up! Is the server overloaded? Running 2051ms or 41 ticks behind
[03:09:35] [Server thread/WARN]: Can't keep up! Is the server overloaded? Running 7487ms or 149 ticks behind
[03:11:13] [Server thread/WARN]: Can't keep up! Is the server overloaded? Running 7830ms or 156 ticks behind
[03:11:44] [Server thread/WARN]: Can't keep up! Is the server overloaded? Running 15934ms or 318 ticks behind
[03:12:14] [Server thread/WARN]: Can't keep up! Is the server overloaded? Running 2001ms or 40 ticks behind
[03:12:36] [Server thread/WARN]: Can't keep up! Is the server overloaded? Running 7309ms or 146 ticks behind
[03:12:54] [Server thread/WARN]: Can't keep up! Is the server overloaded? Running 2768ms or 55 ticks behind
[03:13:56] [Server thread/WARN]: Can't keep up! Is the server overloaded? Running 2003ms or 40 ticks behind
[03:14:16] [Server thread/WARN]: Can't keep up! Is the server overloaded? Running 5211ms or 104 ticks behind
[03:14:49] [Server thread/WARN]: Can't keep up! Is the server overloaded? Running 2021ms or 40 ticks behind
[03:15:22] [Server thread/WARN]: Can't keep up! Is the server overloaded? Running 2007ms or 40 ticks behind
[03:15:47] [Server thread/WARN]: Can't keep up! Is the server overloaded? Running 10105ms or 202 ticks behind
[03:17:01] [Server thread/WARN]: Can't keep up! Is the server overloaded? Running 2059ms or 41 ticks behind
[03:17:02] [Server thread/INFO]: xxlad44xx has completed the challenge [Hot Tourist Destinations]
[03:17:21] [Server thread/WARN]: meucpf moved too quickly! -9.689130177818328,0.0,-2.5106328694200784
[03:17:23] [Server thread/INFO]: meucpf has completed the challenge [Hot Tourist Destinations]
[03:17:51] [Server thread/WARN]: Can't keep up! Is the server overloaded? Running 35628ms or 712 ticks behind
[03:18:11] [Server thread/WARN]: Can't keep up! Is the server overloaded? Running 4374ms or 87 ticks behind
[03:18:31] [Server thread/WARN]: Can't keep up! Is the server overloaded? Running 2056ms or 41 ticks behind
[03:18:52] [Server thread/WARN]: Can't keep up! Is the server overloaded? Running 5191ms or 103 ticks behind
[03:19:22] [Server thread/WARN]: Can't keep up! Is the server overloaded? Running 15376ms or 307 ticks behind
[03:19:46] [Server thread/WARN]: Can't keep up! Is the server overloaded? Running 2066ms or 41 ticks behind
[03:20:13] [Server thread/WARN]: Can't keep up! Is the server overloaded? Running 12822ms or 256 ticks behind
[03:20:41] [Server thread/WARN]: Can't keep up! Is the server overloaded? Running 12434ms or 248 ticks behind
[03:21:14] [Server thread/WARN]: Can't keep up! Is the server overloaded? Running 18566ms or 371 ticks behind
[03:21:48] [Server thread/WARN]: Can't keep up! Is the server overloaded? Running 19060ms or 381 ticks behind
[03:22:09] [Server thread/WARN]: Can't keep up! Is the server overloaded? Running 6085ms or 121 ticks behind
[03:22:28] [Server thread/WARN]: Can't keep up! Is the server overloaded? Running 3698ms or 73 ticks behind
[03:22:50] [Server thread/WARN]: Can't keep up! Is the server overloaded? Running 7403ms or 148 ticks behind
[03:23:08] [Server thread/WARN]: Can't keep up! Is the server overloaded? Running 2009ms or 40 ticks behind
[03:23:27] [Server thread/WARN]: Can't keep up! Is the server overloaded? Running 3770ms or 75 ticks behind
[03:23:48] [Server thread/WARN]: Can't keep up! Is the server overloaded? Running 6025ms or 120 ticks behind
[03:24:10] [Server thread/WARN]: Can't keep up! Is the server overloaded? Running 7387ms or 147 ticks behind
[03:24:42] [Server thread/WARN]: Can't keep up! Is the server overloaded? Running 16314ms or 326 ticks behind
[03:25:10] [Server thread/WARN]: Can't keep up! Is the server overloaded? Running 13408ms or 268 ticks behind
[03:25:54] [Server thread/WARN]: Can't keep up! Is the server overloaded? Running 28888ms or 577 ticks behind
[03:26:20] [Server thread/WARN]: Can't keep up! Is the server overloaded? Running 10975ms or 219 ticks behind
[03:26:44] [Server thread/WARN]: Can't keep up! Is the server overloaded? Running 8802ms or 176 ticks behind
[03:27:06] [Server thread/WARN]: Can't keep up! Is the server overloaded? Running 7199ms or 143 ticks behind
[03:27:28] [Server thread/WARN]: Can't keep up! Is the server overloaded? Running 6892ms or 137 ticks behind
[03:27:48] [Server thread/WARN]: Can't keep up! Is the server overloaded? Running 5752ms or 115 ticks behind
[03:28:10] [Server thread/WARN]: Can't keep up! Is the server overloaded? Running 2018ms or 40 ticks behind
[03:28:30] [Server thread/WARN]: Can't keep up! Is the server overloaded? Running 5225ms or 104 ticks behind
[03:28:49] [Server thread/WARN]: Can't keep up! Is the server overloaded? Running 3923ms or 78 ticks behind
[03:29:10] [Server thread/WARN]: Can't keep up! Is the server overloaded? Running 5976ms or 119 ticks behind
[03:29:33] [Server thread/WARN]: Can't keep up! Is the server overloaded? Running 7417ms or 148 ticks behind
[03:29:50] [Server thread/WARN]: Can't keep up! Is the server overloaded? Running 2834ms or 56 ticks behind
[03:30:10] [Server thread/WARN]: Can't keep up! Is the server overloaded? Running 4453ms or 89 ticks behind
[03:30:29] [Server thread/WARN]: Can't keep up! Is the server overloaded? Running 4205ms or 84 ticks behind
[03:30:47] [Server thread/WARN]: Can't keep up! Is the server overloaded? Running 2004ms or 40 ticks behind
[03:31:05] [Server thread/WARN]: Can't keep up! Is the server overloaded? Running 2626ms or 52 ticks behind
[03:31:25] [Server thread/WARN]: Can't keep up! Is the server overloaded? Running 4706ms or 94 ticks behind
[03:31:47] [Server thread/WARN]: Can't keep up! Is the server overloaded? Running 7207ms or 144 ticks behind
[03:32:17] [Server thread/WARN]: Can't keep up! Is the server overloaded? Running 15081ms or 301 ticks behind
[03:32:53] [Server thread/WARN]: Can't keep up! Is the server overloaded? Running 20814ms or 416 ticks behind
[03:33:52] [Server thread/WARN]: Can't keep up! Is the server overloaded? Running 44260ms or 885 ticks behind
[03:34:19] [Server thread/WARN]: Can't keep up! Is the server overloaded? Running 12273ms or 245 ticks behind
[03:34:37] [Server thread/INFO]: meucpf has made the advancement [Those Were the Days]
[03:34:41] [Server thread/INFO]: xxlad44xx has made the advancement [Those Were the Days]
[03:34:47] [Server thread/WARN]: Can't keep up! Is the server overloaded? Running 12426ms or 248 ticks behind
[03:35:45] [Server thread/INFO]: meucpf has made the advancement [War Pigs]
[03:35:56] [Server thread/WARN]: Can't keep up! Is the server overloaded? Running 2013ms or 40 ticks behind
[03:36:15] [Server thread/WARN]: Can't keep up! Is the server overloaded? Running 3820ms or 76 ticks behind
[03:36:34] [Server thread/WARN]: Can't keep up! Is the server overloaded? Running 3992ms or 79 ticks behind
[03:36:52] [Server thread/WARN]: Can't keep up! Is the server overloaded? Running 3180ms or 63 ticks behind
[03:37:13] [Server thread/WARN]: Can't keep up! Is the server overloaded? Running 5411ms or 108 ticks behind
[03:37:41] [Server thread/WARN]: Can't keep up! Is the server overloaded? Running 13092ms or 261 ticks behind
[03:37:57] [Server thread/INFO]: xxlad44xx has made the advancement [War Pigs]
[03:38:09] [Server thread/WARN]: Can't keep up! Is the server overloaded? Running 13045ms or 260 ticks behind
[03:38:35] [Server thread/WARN]: Can't keep up! Is the server overloaded? Running 11069ms or 221 ticks behind
[03:38:58] [Server thread/WARN]: Can't keep up! Is the server overloaded? Running 7822ms or 156 ticks behind
[03:39:20] [Server thread/WARN]: Can't keep up! Is the server overloaded? Running 6998ms or 139 ticks behind
[03:39:43] [Server thread/WARN]: Can't keep up! Is the server overloaded? Running 8699ms or 173 ticks behind
[03:40:03] [Server thread/WARN]: Can't keep up! Is the server overloaded? Running 5237ms or 104 ticks behind
[03:40:25] [Server thread/WARN]: Can't keep up! Is the server overloaded? Running 6930ms or 138 ticks behind
[03:40:58] [Server thread/WARN]: Can't keep up! Is the server overloaded? Running 17291ms or 345 ticks behind
[03:41:19] [Server thread/WARN]: Can't keep up! Is the server overloaded? Running 6266ms or 125 ticks behind
[03:41:39] [Server thread/WARN]: Can't keep up! Is the server overloaded? Running 5395ms or 107 ticks behind
[03:41:57] [Server thread/WARN]: Can't keep up! Is the server overloaded? Running 3210ms or 64 ticks behind
[03:41:59] [Server thread/INFO]: meucpf was slain by Piglin Brute
[03:42:24] [Server thread/INFO]: xxlad44xx was slain by Piglin Brute
[03:42:34] [Server thread/WARN]: Can't keep up! Is the server overloaded? Running 21424ms or 428 ticks behind
[03:42:35] [Server thread/INFO]: <xxlad44xx> -100 -650
[03:42:51] [Server thread/WARN]: Can't keep up! Is the server overloaded? Running 2572ms or 51 ticks behind
[03:43:09] [Server thread/WARN]: Can't keep up! Is the server overloaded? Running 2269ms or 45 ticks behind
[03:43:26] [Server thread/WARN]: Can't keep up! Is the server overloaded? Running 2050ms or 41 ticks behind
[03:43:49] [Server thread/WARN]: Can't keep up! Is the server overloaded? Running 7691ms or 153 ticks behind
[03:44:31] [Server thread/WARN]: Can't keep up! Is the server overloaded? Running 27781ms or 555 ticks behind
[03:44:58] [Server thread/WARN]: Can't keep up! Is the server overloaded? Running 11709ms or 234 ticks behind
[03:45:29] [Server thread/WARN]: Can't keep up! Is the server overloaded? Running 16308ms or 326 ticks behind
[03:46:00] [Server thread/WARN]: Can't keep up! Is the server overloaded? Running 15559ms or 311 ticks behind
[03:46:24] [Server thread/WARN]: Can't keep up! Is the server overloaded? Running 9507ms or 190 ticks behind
[03:46:48] [Server thread/WARN]: Can't keep up! Is the server overloaded? Running 9160ms or 183 ticks behind
[03:47:17] [Server thread/INFO]: meucpf burned to death
[03:47:49] [Server thread/WARN]: Can't keep up! Is the server overloaded? Running 2085ms or 41 ticks behind
[03:48:37] [Server thread/WARN]: Can't keep up! Is the server overloaded? Running 33115ms or 662 ticks behind
[03:49:30] [Server thread/WARN]: meucpf moved too quickly! -0.04944140834589139,0.0,-10.137873280667904
[03:49:30] [Server thread/WARN]: xxlad44xx moved too quickly! 0.02435337343285937,0.0,-10.011097168825245
[03:49:52] [Server Watchdog/FATAL]: A single server tick took 60.00 seconds (should be max 0.05)
[03:49:52] [Server Watchdog/FATAL]: Considering it to be crashed, server will forcibly shutdown.
[03:49:53] [Server Watchdog/ERROR]: This crash report has been saved to: /home/adof/server/./crash-reports/crash-2020-11-03_03.49.53-server.txt
[03:49:54] [Server thread/INFO]: Stopping server
[03:49:54] [Server thread/INFO]: Saving players
[03:49:54] [Server thread/INFO]: xxlad44xx lost connection: Internal Exception: java.lang.StackOverflowError
[03:49:54] [Server thread/INFO]: xxlad44xx left the game
[03:49:54] [Server thread/INFO]: Saving worlds
[03:49:54] [Server thread/INFO]: Saving chunks for level 'ServerLevel[world]'/minecraft:overworld
[03:49:57] [Server thread/INFO]: ThreadedAnvilChunkStorage (world): All chunks are saved
[03:49:57] [Server thread/INFO]: Saving chunks for level 'ServerLevel[world]'/minecraft:the_nether
